<?xml version="1.0" encoding="UTF-8"?>
<!-- Generated by org.testng.reporters.JUnitXMLReporter -->
<testsuite hostname="DESKTOP-4MFQ21B" ignored="0" name="Default test" tests="3" failures="0" timestamp="2020-12-28T00:56:12 EST" time="95.131" errors="0">
  <testcase name="ValidateTasksLabel" time="0.248" classname="com.crm.testcases.TaskPagetest"/>
  <testcase name="ValidateCreateNewContact" time="5.636" classname="com.crm.testcases.TaskPagetest"/>
  <testcase name="ValidateCreateNewContact" time="5.171" classname="com.crm.testcases.TaskPagetest"/>
</testsuite> <!-- Default test -->
